<?xml version="1.0" encoding="UTF-8"?>
<!-- Generated by org.testng.reporters.JUnitReportReporter -->
<testsuite hostname="Rudini" failures="0" tests="2" name="com.juaracoding.ecom.DragDropTest" time="13.613" errors="0" timestamp="2025-07-23T10:26:57 WIB" skipped="0">
  <testcase classname="com.juaracoding.ecom.DragDropTest" name="resizeElementTest" time="3.328"/>
  <testcase classname="com.juaracoding.ecom.DragDropTest" name="dragElementTest" time="10.285"/>
</testsuite> <!-- com.juaracoding.ecom.DragDropTest -->
