<?xml version="1.0" encoding="UTF-8"?>
<!-- Generated by org.testng.reporters.JUnitReportReporter -->
<testsuite hostname="Rudini" failures="0" tests="1" name="com.juaracoding.ecom.InventoryTest" time="31.031" errors="0" timestamp="2025-07-26T19:30:50 WIB" skipped="0">
  <testcase classname="com.juaracoding.ecom.InventoryTest" name="testAddItems" time="31.031"/>
</testsuite> <!-- com.juaracoding.ecom.InventoryTest -->
